{
  "RSpec": {
    "coverage": {
      "/Users/leahnelson/Desktop/photographer_db/spec/features/add_posting_pages_spec.rb": [
        1,
        null,
        1,
        1,
        1,
        1,
        1,
        null,
        null,
        1,
        1,
        1,
        1,
        1,
        1,
        1,
        1,
        1,
        1,
        1,
        1,
        null,
        null
      ],
      "/Users/leahnelson/Desktop/photographer_db/spec/rails_helper.rb": [
        null,
        1,
        1,
        null,
        1,
        1,
        1,
        1,
        null,
        null,
        null,
        null,
        null,
        null,
        null,
        null,
        null,
        null,
        null,
        null,
        null,
        null,
        null,
        null,
        null,
        null,
        null,
        1,
        null,
        1,
        null,
        1,
        null,
        null,
        null,
        null,
        1,
        null,
        null,
        null,
        null,
        null,
        null,
        null,
        null,
        null,
        null,
        null,
        null,
        null,
        null,
        1,
        null,
        null,
        1,
        null,
        null,
        null,
        null,
        1,
        1,
        1,
        1,
        null,
        null
      ],
      "/Users/leahnelson/Desktop/photographer_db/config/environment.rb": [
        null,
        1,
        null,
        null,
        1
      ],
      "/Users/leahnelson/Desktop/photographer_db/config/application.rb": [
        1,
        null,
        1,
        null,
        1,
        1,
        1,
        1,
        1,
        1,
        1,
        1,
        null,
        null,
        null,
        null,
        1,
        null,
        1,
        1,
        null,
        null,
        null,
        null,
        null
      ],
      "/Users/leahnelson/Desktop/photographer_db/config/boot.rb": [
        1,
        null,
        1
      ],
      "/Users/leahnelson/Desktop/photographer_db/config/environments/test.rb": [
        1,
        null,
        null,
        null,
        null,
        null,
        null,
        1,
        null,
        null,
        null,
        null,
        1,
        null,
        null,
        1,
        1,
        null,
        null,
        null,
        null,
        1,
        1,
        null,
        null,
        1,
        null,
        null,
        1,
        1,
        null,
        null,
        null,
        null,
        1,
        null,
        null,
        1,
        null,
        null,
        null,
        null
      ],
      "/Users/leahnelson/Desktop/photographer_db/config/initializers/application_controller_renderer.rb": [
        null,
        null,
        null,
        null,
        null,
        null
      ],
      "/Users/leahnelson/Desktop/photographer_db/config/initializers/assets.rb": [
        null,
        null,
        null,
        1,
        null,
        null,
        null,
        null,
        null,
        null,
        null
      ],
      "/Users/leahnelson/Desktop/photographer_db/config/initializers/backtrace_silencers.rb": [
        null,
        null,
        null,
        null,
        null,
        null,
        null
      ],
      "/Users/leahnelson/Desktop/photographer_db/config/initializers/cookies_serializer.rb": [
        null,
        null,
        null,
        null,
        1
      ],
      "/Users/leahnelson/Desktop/photographer_db/config/initializers/filter_parameter_logging.rb": [
        null,
        null,
        null,
        1
      ],
      "/Users/leahnelson/Desktop/photographer_db/config/initializers/inflections.rb": [
        null,
        null,
        null,
        null,
        null,
        null,
        null,
        null,
        null,
        null,
        null,
        null,
        null,
        null,
        null,
        null
      ],
      "/Users/leahnelson/Desktop/photographer_db/config/initializers/mime_types.rb": [
        null,
        null,
        null,
        null
      ],
      "/Users/leahnelson/Desktop/photographer_db/config/initializers/new_framework_defaults.rb": [
        null,
        null,
        null,
        null,
        null,
        null,
        null,
        1,
        null,
        null,
        1,
        null,
        null,
        null,
        1,
        null,
        null,
        1,
        null,
        null,
        1,
        null,
        null,
        1
      ],
      "/Users/leahnelson/Desktop/photographer_db/config/initializers/session_store.rb": [
        null,
        null,
        1
      ],
      "/Users/leahnelson/Desktop/photographer_db/config/initializers/wrap_parameters.rb": [
        null,
        null,
        null,
        null,
        null,
        null,
        1,
        2,
        null,
        null,
        null,
        null,
        null,
        null
      ],
      "/Users/leahnelson/Desktop/photographer_db/app/channels/application_cable/channel.rb": [
        1,
        1,
        null,
        null
      ],
      "/Users/leahnelson/Desktop/photographer_db/app/channels/application_cable/connection.rb": [
        1,
        1,
        null,
        null
      ],
      "/Users/leahnelson/Desktop/photographer_db/app/controllers/application_controller.rb": [
        1,
        1,
        null
      ],
      "/Users/leahnelson/Desktop/photographer_db/app/helpers/application_helper.rb": [
        1,
        1,
        15,
        6,
        4,
        2,
        3,
        null,
        null,
        null
      ],
      "/Users/leahnelson/Desktop/photographer_db/app/controllers/categories_controller.rb": [
        1,
        1,
        1,
        null,
        1,
        1,
        null,
        null
      ],
      "/Users/leahnelson/Desktop/photographer_db/app/controllers/images_controller.rb": [
        1,
        1,
        1,
        null,
        1,
        2,
        2,
        null,
        1,
        2,
        2,
        2,
        2,
        2,
        null,
        0,
        0,
        null,
        null,
        1,
        1,
        1,
        1,
        1,
        null,
        1,
        1,
        2,
        null,
        null
      ],
      "/Users/leahnelson/Desktop/photographer_db/app/controllers/postings_controller.rb": [
        1,
        1,
        4,
        null,
        1,
        0,
        null,
        1,
        2,
        2,
        1,
        1,
        null,
        null,
        1,
        1,
        1,
        1,
        1,
        1,
        null,
        0,
        0,
        null,
        null,
        1,
        1,
        1,
        null,
        null
      ],
      "/Users/leahnelson/Desktop/photographer_db/app/controllers/sessions_controller.rb": [
        1,
        1,
        4,
        4,
        4,
        4,
        4,
        null,
        0,
        0,
        null,
        null,
        null,
        1,
        1,
        1,
        1,
        null,
        null
      ],
      "/Users/leahnelson/Desktop/photographer_db/app/controllers/users_controller.rb": [
        1,
        1,
        3,
        null,
        null,
        1,
        2,
        2,
        1,
        1,
        null,
        1,
        1,
        null,
        null,
        null,
        1,
        0,
        null,
        null,
        1,
        7,
        null,
        null,
        1,
        3,
        null,
        null,
        1,
        2,
        2,
        1,
        1,
        null,
        1,
        1,
        null,
        null,
        null,
        1,
        1,
        1,
        1,
        1,
        1,
        null,
        null,
        1,
        1,
        4,
        null,
        null
      ],
      "/Users/leahnelson/Desktop/photographer_db/app/jobs/application_job.rb": [
        1,
        null
      ],
      "/Users/leahnelson/Desktop/photographer_db/app/mailers/application_mailer.rb": [
        1,
        1,
        1,
        null
      ],
      "/Users/leahnelson/Desktop/photographer_db/app/models/application_record.rb": [
        1,
        1,
        null
      ],
      "/Users/leahnelson/Desktop/photographer_db/app/models/category.rb": [
        1,
        1,
        null,
        1,
        null
      ],
      "/Users/leahnelson/Desktop/photographer_db/app/models/image.rb": [
        1,
        1,
        1,
        1,
        1,
        null
      ],
      "/Users/leahnelson/Desktop/photographer_db/app/models/posting.rb": [
        1,
        1,
        1,
        1,
        null
      ],
      "/Users/leahnelson/Desktop/photographer_db/app/models/user.rb": [
        1,
        1,
        1,
        1,
        1,
        1,
        1,
        1,
        1,
        1,
        1,
        1,
        null,
        1,
        12,
        12,
        null,
        null,
        1,
        4,
        4,
        4,
        null,
        null,
        null,
        null,
        null
      ],
      "/Users/leahnelson/Desktop/photographer_db/spec/factories.rb": [
        1,
        1,
        1,
        1,
        1,
        1,
        1,
        null,
        null,
        1,
        1,
        null,
        null,
        1,
        1,
        1,
        null,
        null
      ],
      "/Users/leahnelson/Desktop/photographer_db/config/routes.rb": [
        1,
        1,
        1,
        1,
        1,
        null,
        1,
        1,
        null,
        null,
        1,
        1,
        null,
        null,
        1,
        null
      ],
      "/Users/leahnelson/Desktop/photographer_db/spec/features/delete_image_pages_spec.rb": [
        1,
        null,
        1,
        1,
        1,
        1,
        1,
        1,
        1,
        1,
        1,
        1,
        1,
        1,
        1,
        1,
        null,
        null
      ],
      "/Users/leahnelson/Desktop/photographer_db/spec/features/delete_user_pages_spec.rb": [
        1,
        null,
        1,
        1,
        1,
        1,
        1,
        1,
        null,
        null
      ],
      "/Users/leahnelson/Desktop/photographer_db/spec/features/edit_user_pages_spec.rb": [
        1,
        null,
        1,
        1,
        1,
        1,
        1,
        1,
        1,
        1,
        1,
        null,
        null,
        1,
        1,
        1,
        1,
        1,
        1,
        1,
        1,
        null,
        null
      ],
      "/Users/leahnelson/Desktop/photographer_db/spec/features/index_categories_pages_spec.rb": [
        1,
        null,
        1,
        1,
        1,
        1,
        1,
        1,
        null,
        null
      ],
      "/Users/leahnelson/Desktop/photographer_db/spec/features/log_in_pages_spec.rb": [
        1,
        null,
        1,
        1,
        1,
        1,
        1,
        1,
        1,
        1,
        null,
        null
      ],
      "/Users/leahnelson/Desktop/photographer_db/spec/features/log_out_pages_spec.rb": [
        1,
        null,
        1,
        1,
        1,
        1,
        1,
        null,
        null
      ],
      "/Users/leahnelson/Desktop/photographer_db/spec/features/show_categories_page_spec.rb": [
        1,
        null,
        1,
        1,
        1,
        1,
        1,
        null,
        null
      ],
      "/Users/leahnelson/Desktop/photographer_db/spec/features/show_posting_pages_spec.rb": [
        1,
        null,
        1,
        1,
        1,
        1,
        1,
        1,
        null,
        null
      ],
      "/Users/leahnelson/Desktop/photographer_db/spec/features/show_user_pages_spec.rb": [
        1,
        null,
        1,
        1,
        1,
        1,
        1,
        null,
        null
      ],
      "/Users/leahnelson/Desktop/photographer_db/spec/features/sign_up_pages_spec.rb": [
        1,
        null,
        1,
        1,
        1,
        1,
        1,
        1,
        1,
        1,
        1,
        1,
        1,
        null,
        null,
        1,
        1,
        1,
        1,
        1,
        1,
        1,
        1,
        1,
        1,
        null,
        null
      ],
      "/Users/leahnelson/Desktop/photographer_db/spec/features/upload_image_pages_spec.rb": [
        1,
        null,
        1,
        1,
        1,
        1,
        1,
        1,
        1,
        1,
        1,
        1,
        1,
        1,
        null,
        null
      ],
      "/Users/leahnelson/Desktop/photographer_db/spec/models/category_spec.rb": [
        1,
        null,
        1,
        2,
        2,
        null
      ],
      "/Users/leahnelson/Desktop/photographer_db/spec/models/image_spec.rb": [
        1,
        null,
        1,
        2,
        2,
        null
      ],
      "/Users/leahnelson/Desktop/photographer_db/spec/models/posting_spec.rb": [
        1,
        null,
        1,
        2,
        2,
        2,
        null
      ],
      "/Users/leahnelson/Desktop/photographer_db/spec/models/user_spec.rb": [
        1,
        null,
        1,
        2,
        2,
        2,
        2,
        2,
        2,
        2,
        null
      ]
    },
    "timestamp": 1474412287
  }
}
